<html>
<body>
<pre>
<h1>µVision Build Log</h1>
<h2>Tool Versions:</h2>
IDE-Version: µVision V5.40.0.0
Copyright (C) 2024 ARM Ltd and ARM Germany GmbH. All rights reserved.
License Information: HIEU HIEU, Nope, LIC=MPPLD-8DEM1-HLUCL-09MMM-W7ZGM-6RR93
 
Tool Versions:
Toolchain:       MDK-ARM Plus  Version: 5.40.0.3
Toolchain Path:  C:\Users\theuser\AppData\Local\Keil_v5\ARM\ARMCLANG\Bin
C Compiler:      ArmClang.exe V6.22
Assembler:       Armasm.exe V6.22
Linker/Locator:  ArmLink.exe V6.22
Library Manager: ArmAr.exe V6.22
Hex Converter:   FromElf.exe V6.22
CPU DLL:         SARMCM3.DLL V5.40.0.3
Dialog DLL:      DCM.DLL V1.17.5.0
Target DLL:      STLink\ST-LINKIII-KEIL_SWO.dll V3.3.0.0
Dialog DLL:      TCM.DLL V1.56.4.0
 
<h2>Project:</h2>
C:\Users\theuser\Documents\STM32\test3\MDK-ARM\test3.uvprojx
Project File Date:  09/25/2024

<h2>Output:</h2>
*** Using Compiler 'V6.22', folder: 'C:\Users\theuser\AppData\Local\Keil_v5\ARM\ARMCLANG\Bin'
Rebuild target 'test3'
../Core/Src/stm32f1xx_it.c(21): warning: In file included from...
../Core/Inc\main.h(30): warning: In file included from...
../Drivers/STM32F1xx_HAL_Driver/Inc\stm32f1xx_hal.h(29): warning: In file included from...
../Core/Inc\stm32f1xx_hal_conf.h(238): warning: In file included from...
../Drivers/STM32F1xx_HAL_Driver/Inc\stm32f1xx_hal_rcc.h(27): warning: In file included from...
../Drivers/STM32F1xx_HAL_Driver/Inc\stm32f1xx_hal_def.h(29): error: 'stm32f1xx.h' file not found
   29 | #include "stm32f1xx.h"
      |          ^~~~~~~~~~~~~
1 error generated.
compiling stm32f1xx_it.c...
../Drivers/STM32F1xx_HAL_Driver/Src/stm32f1xx_hal_gpio_ex.c(40): warning: In file included from...
../Drivers/STM32F1xx_HAL_Driver/Inc\stm32f1xx_hal.h(29): warning: In file included from...
../Core/Inc\stm32f1xx_hal_conf.h(238): warning: In file included from...
../Drivers/STM32F1xx_HAL_Driver/Inc\stm32f1xx_hal_rcc.h(27): warning: In file included from...
../Drivers/STM32F1xx_HAL_Driver/Inc\stm32f1xx_hal_def.h(29): error: 'stm32f1xx.h' file not found
   29 | #include "stm32f1xx.h"
      |          ^~~~~~~~~~~~~
1 error generated.
compiling stm32f1xx_hal_gpio_ex.c...
../Drivers/STM32F1xx_HAL_Driver/Src/stm32f1xx_hal.c(36): warning: In file included from...
../Drivers/STM32F1xx_HAL_Driver/Inc\stm32f1xx_hal.h(29): warning: In file included from...
../Core/Inc\stm32f1xx_hal_conf.h(238): warning: In file included from...
../Drivers/STM32F1xx_HAL_Driver/Inc\stm32f1xx_hal_rcc.h(27): warning: In file included from...
../Drivers/STM32F1xx_HAL_Driver/Inc\stm32f1xx_hal_def.h(29): error: 'stm32f1xx.h' file not found
   29 | #include "stm32f1xx.h"
      |          ^~~~~~~~~~~~~
1 error generated.
compiling stm32f1xx_hal.c...
../Core/Src/stm32f1xx_hal_msp.c(23): warning: In file included from...
../Core/Inc\main.h(30): warning: In file included from...
../Drivers/STM32F1xx_HAL_Driver/Inc\stm32f1xx_hal.h(29): warning: In file included from...
../Core/Inc\stm32f1xx_hal_conf.h(238): warning: In file included from...
../Drivers/STM32F1xx_HAL_Driver/Inc\stm32f1xx_hal_rcc.h(27): warning: In file included from...
../Drivers/STM32F1xx_HAL_Driver/Inc\stm32f1xx_hal_def.h(29): error: 'stm32f1xx.h' file not found
   29 | #include "stm32f1xx.h"
      |          ^~~~~~~~~~~~~
1 error generated.
compiling stm32f1xx_hal_msp.c...
../Drivers/STM32F1xx_HAL_Driver/Src/stm32f1xx_hal_tim.c(186): warning: In file included from...
../Drivers/STM32F1xx_HAL_Driver/Inc\stm32f1xx_hal.h(29): warning: In file included from...
../Core/Inc\stm32f1xx_hal_conf.h(238): warning: In file included from...
../Drivers/STM32F1xx_HAL_Driver/Inc\stm32f1xx_hal_rcc.h(27): warning: In file included from...
../Drivers/STM32F1xx_HAL_Driver/Inc\stm32f1xx_hal_def.h(29): error: 'stm32f1xx.h' file not found
   29 | #include "stm32f1xx.h"
      |          ^~~~~~~~~~~~~
1 error generated.
compiling stm32f1xx_hal_tim.c...
../Core/Src/main.c(20): warning: In file included from...
../Core/Inc\main.h(30): warning: In file included from...
../Drivers/STM32F1xx_HAL_Driver/Inc\stm32f1xx_hal.h(29): warning: In file included from...
../Core/Inc\stm32f1xx_hal_conf.h(238): warning: In file included from...
../Drivers/STM32F1xx_HAL_Driver/Inc\stm32f1xx_hal_rcc.h(27): warning: In file included from...
../Drivers/STM32F1xx_HAL_Driver/Inc\stm32f1xx_hal_def.h(29): error: 'stm32f1xx.h' file not found
   29 | #include "stm32f1xx.h"
      |          ^~~~~~~~~~~~~
1 error generated.
compiling main.c...
../Drivers/STM32F1xx_HAL_Driver/Src/stm32f1xx_hal_tim_ex.c(81): warning: In file included from...
../Drivers/STM32F1xx_HAL_Driver/Inc\stm32f1xx_hal.h(29): warning: In file included from...
../Core/Inc\stm32f1xx_hal_conf.h(238): warning: In file included from...
../Drivers/STM32F1xx_HAL_Driver/Inc\stm32f1xx_hal_rcc.h(27): warning: In file included from...
../Drivers/STM32F1xx_HAL_Driver/Inc\stm32f1xx_hal_def.h(29): error: 'stm32f1xx.h' file not found
   29 | #include "stm32f1xx.h"
      |          ^~~~~~~~~~~~~
1 error generated.
compiling stm32f1xx_hal_tim_ex.c...
../Drivers/STM32F1xx_HAL_Driver/Src/stm32f1xx_hal_rcc.c(61): warning: In file included from...
../Drivers/STM32F1xx_HAL_Driver/Inc\stm32f1xx_hal.h(29): warning: In file included from...
../Core/Inc\stm32f1xx_hal_conf.h(238): warning: In file included from...
../Drivers/STM32F1xx_HAL_Driver/Inc\stm32f1xx_hal_rcc.h(27): warning: In file included from...
../Drivers/STM32F1xx_HAL_Driver/Inc\stm32f1xx_hal_def.h(29): error: 'stm32f1xx.h' file not found
   29 | #include "stm32f1xx.h"
      |          ^~~~~~~~~~~~~
1 error generated.
compiling stm32f1xx_hal_rcc.c...
../Drivers/STM32F1xx_HAL_Driver/Src/stm32f1xx_hal_rcc_ex.c(23): warning: In file included from...
../Drivers/STM32F1xx_HAL_Driver/Inc\stm32f1xx_hal.h(29): warning: In file included from...
../Core/Inc\stm32f1xx_hal_conf.h(238): warning: In file included from...
../Drivers/STM32F1xx_HAL_Driver/Inc\stm32f1xx_hal_rcc.h(27): warning: In file included from...
../Drivers/STM32F1xx_HAL_Driver/Inc\stm32f1xx_hal_def.h(29): error: 'stm32f1xx.h' file not found
   29 | #include "stm32f1xx.h"
      |          ^~~~~~~~~~~~~
1 error generated.
compiling stm32f1xx_hal_rcc_ex.c...
../Drivers/STM32F1xx_HAL_Driver/Src/stm32f1xx_hal_gpio.c(105): warning: In file included from...
../Drivers/STM32F1xx_HAL_Driver/Inc\stm32f1xx_hal.h(29): warning: In file included from...
../Core/Inc\stm32f1xx_hal_conf.h(238): warning: In file included from...
../Drivers/STM32F1xx_HAL_Driver/Inc\stm32f1xx_hal_rcc.h(27): warning: In file included from...
../Drivers/STM32F1xx_HAL_Driver/Inc\stm32f1xx_hal_def.h(29): error: 'stm32f1xx.h' file not found
   29 | #include "stm32f1xx.h"
      |          ^~~~~~~~~~~~~
1 error generated.
compiling stm32f1xx_hal_gpio.c...
../Drivers/STM32F1xx_HAL_Driver/Src/stm32f1xx_hal_dma.c(84): warning: In file included from...
../Drivers/STM32F1xx_HAL_Driver/Inc\stm32f1xx_hal.h(29): warning: In file included from...
../Core/Inc\stm32f1xx_hal_conf.h(238): warning: In file included from...
../Drivers/STM32F1xx_HAL_Driver/Inc\stm32f1xx_hal_rcc.h(27): warning: In file included from...
../Drivers/STM32F1xx_HAL_Driver/Inc\stm32f1xx_hal_def.h(29): error: 'stm32f1xx.h' file not found
   29 | #include "stm32f1xx.h"
      |          ^~~~~~~~~~~~~
1 error generated.
compiling stm32f1xx_hal_dma.c...
../Drivers/STM32F1xx_HAL_Driver/Src/stm32f1xx_hal_cortex.c(82): warning: In file included from...
../Drivers/STM32F1xx_HAL_Driver/Inc\stm32f1xx_hal.h(29): warning: In file included from...
../Core/Inc\stm32f1xx_hal_conf.h(238): warning: In file included from...
../Drivers/STM32F1xx_HAL_Driver/Inc\stm32f1xx_hal_rcc.h(27): warning: In file included from...
../Drivers/STM32F1xx_HAL_Driver/Inc\stm32f1xx_hal_def.h(29): error: 'stm32f1xx.h' file not found
   29 | #include "stm32f1xx.h"
      |          ^~~~~~~~~~~~~
1 error generated.
compiling stm32f1xx_hal_cortex.c...
../Drivers/STM32F1xx_HAL_Driver/Src/stm32f1xx_hal_pwr.c(26): warning: In file included from...
../Drivers/STM32F1xx_HAL_Driver/Inc\stm32f1xx_hal.h(29): warning: In file included from...
../Core/Inc\stm32f1xx_hal_conf.h(238): warning: In file included from...
../Drivers/STM32F1xx_HAL_Driver/Inc\stm32f1xx_hal_rcc.h(27): warning: In file included from...
../Drivers/STM32F1xx_HAL_Driver/Inc\stm32f1xx_hal_def.h(29): error: 'stm32f1xx.h' file not found
   29 | #include "stm32f1xx.h"
      |          ^~~~~~~~~~~~~
1 error generated.
compiling stm32f1xx_hal_pwr.c...
../Drivers/STM32F1xx_HAL_Driver/Src/stm32f1xx_hal_flash.c(83): warning: In file included from...
../Drivers/STM32F1xx_HAL_Driver/Inc\stm32f1xx_hal.h(29): warning: In file included from...
../Core/Inc\stm32f1xx_hal_conf.h(238): warning: In file included from...
../Drivers/STM32F1xx_HAL_Driver/Inc\stm32f1xx_hal_rcc.h(27): warning: In file included from...
../Drivers/STM32F1xx_HAL_Driver/Inc\stm32f1xx_hal_def.h(29): error: 'stm32f1xx.h' file not found
   29 | #include "stm32f1xx.h"
      |          ^~~~~~~~~~~~~
1 error generated.
compiling stm32f1xx_hal_flash.c...
../Drivers/STM32F1xx_HAL_Driver/Src/stm32f1xx_hal_flash_ex.c(41): warning: In file included from...
../Drivers/STM32F1xx_HAL_Driver/Inc\stm32f1xx_hal.h(29): warning: In file included from...
../Core/Inc\stm32f1xx_hal_conf.h(238): warning: In file included from...
../Drivers/STM32F1xx_HAL_Driver/Inc\stm32f1xx_hal_rcc.h(27): warning: In file included from...
../Drivers/STM32F1xx_HAL_Driver/Inc\stm32f1xx_hal_def.h(29): error: 'stm32f1xx.h' file not found
   29 | #include "stm32f1xx.h"
      |          ^~~~~~~~~~~~~
1 error generated.
compiling stm32f1xx_hal_flash_ex.c...
../Drivers/STM32F1xx_HAL_Driver/Src/stm32f1xx_hal_exti.c(86): warning: In file included from...
../Drivers/STM32F1xx_HAL_Driver/Inc\stm32f1xx_hal.h(29): warning: In file included from...
../Core/Inc\stm32f1xx_hal_conf.h(238): warning: In file included from...
../Drivers/STM32F1xx_HAL_Driver/Inc\stm32f1xx_hal_rcc.h(27): warning: In file included from...
../Drivers/STM32F1xx_HAL_Driver/Inc\stm32f1xx_hal_def.h(29): error: 'stm32f1xx.h' file not found
   29 | #include "stm32f1xx.h"
      |          ^~~~~~~~~~~~~
1 error generated.
compiling stm32f1xx_hal_exti.c...
armclang: error: no such file or directory: '../Core/Src/system_stm32f1xx.c'
armclang: error: no input files
compiling system_stm32f1xx.c...
"test3\test3.axf" - 18 Error(s), 0 Warning(s).

<h2>Software Packages used:</h2>

Package Vendor: ARM
                https://www.keil.com/pack/ARM.CMSIS.6.1.0.pack
                ARM::CMSIS@6.1.0
                CMSIS (Common Microcontroller Software Interface Standard)
   * Component: CORE Version: 6.1.0

Package Vendor: Keil
                https://www.keil.com/pack/Keil.STM32F1xx_DFP.2.4.1.pack
                Keil::STM32F1xx_DFP@2.4.1
                STMicroelectronics STM32F1 Series Device Support, Drivers and Examples

<h2>Collection of Component include folders:</h2>
  ./RTE/_test3
  C:/Users/theuser/AppData/Local/Arm/Packs/ARM/CMSIS/6.1.0/CMSIS/Core/Include
  C:/Users/theuser/AppData/Local/Arm/Packs/Keil/STM32F1xx_DFP/2.4.1/Device/Include

<h2>Collection of Component Files used:</h2>

   * Component: ARM::CMSIS:CORE@6.1.0
      Include file:  CMSIS/Core/Include/tz_context.h
Target not created.
Build Time Elapsed:  00:00:01
</pre>
</body>
</html>
